<?xml version="1.0" encoding="UTF-8"?>
<coverage generated="1697443332177" clover="3.2.0">
  <project timestamp="1697443332178" name="All files">
    <metrics statements="35" coveredstatements="35" conditionals="17" coveredconditionals="17" methods="1" coveredmethods="1" elements="53" coveredelements="53" complexity="0" loc="35" ncloc="35" packages="1" files="1" classes="1"/>
    <file name="index.ts" path="/Users/admin/Projects/mixnames/src/index.ts">
      <metrics statements="35" coveredstatements="35" conditionals="17" coveredconditionals="17" methods="1" coveredmethods="1"/>
      <line num="1" count="1" type="cond" truecount="1" falsecount="0"/>
      <line num="2" count="35" type="stmt"/>
      <line num="3" count="35" type="stmt"/>
      <line num="4" count="35" type="cond" truecount="1" falsecount="0"/>
      <line num="5" count="70" type="cond" truecount="2" falsecount="0"/>
      <line num="6" count="60" type="stmt"/>
      <line num="7" count="60" type="stmt"/>
      <line num="8" count="70" type="cond" truecount="2" falsecount="0"/>
      <line num="9" count="31" type="stmt"/>
      <line num="10" count="70" type="cond" truecount="2" falsecount="0"/>
      <line num="11" count="15" type="cond" truecount="1" falsecount="0"/>
      <line num="12" count="13" type="stmt"/>
      <line num="13" count="13" type="cond" truecount="1" falsecount="0"/>
      <line num="14" count="12" type="stmt"/>
      <line num="15" count="12" type="stmt"/>
      <line num="16" count="13" type="stmt"/>
      <line num="17" count="29" type="cond" truecount="2" falsecount="0"/>
      <line num="18" count="12" type="cond" truecount="2" falsecount="0"/>
      <line num="19" count="2" type="stmt"/>
      <line num="20" count="2" type="stmt"/>
      <line num="21" count="2" type="cond" truecount="1" falsecount="0"/>
      <line num="22" count="10" type="stmt"/>
      <line num="23" count="10" type="cond" truecount="1" falsecount="0"/>
      <line num="24" count="48" type="stmt"/>
      <line num="25" count="48" type="cond" truecount="1" falsecount="0"/>
      <line num="26" count="25" type="stmt"/>
      <line num="27" count="25" type="stmt"/>
      <line num="28" count="10" type="stmt"/>
      <line num="29" count="10" type="stmt"/>
      <line num="30" count="70" type="stmt"/>
      <line num="31" count="35" type="stmt"/>
      <line num="32" count="35" type="stmt"/>
      <line num="33" count="35" type="stmt"/>
      <line num="34" count="1" type="stmt"/>
      <line num="35" count="1" type="stmt"/>
    </file>
  </project>
</coverage>
