{"/Users/admin/Projects/mixnames/src/index.ts": {"path":"/Users/admin/Projects/mixnames/src/index.ts","all":false,"statementMap":{"0":{"start":{"line":1,"column":0},"end":{"line":1,"column":82}},"1":{"start":{"line":2,"column":0},"end":{"line":2,"column":32}},"2":{"start":{"line":3,"column":0},"end":{"line":3,"column":0}},"3":{"start":{"line":4,"column":0},"end":{"line":4,"column":27}},"4":{"start":{"line":5,"column":0},"end":{"line":5,"column":23}},"5":{"start":{"line":6,"column":0},"end":{"line":6,"column":30}},"6":{"start":{"line":7,"column":0},"end":{"line":7,"column":0}},"7":{"start":{"line":8,"column":0},"end":{"line":8,"column":55}},"8":{"start":{"line":9,"column":0},"end":{"line":9,"column":23}},"9":{"start":{"line":10,"column":0},"end":{"line":10,"column":36}},"10":{"start":{"line":11,"column":0},"end":{"line":11,"column":23}},"11":{"start":{"line":12,"column":0},"end":{"line":12,"column":36}},"12":{"start":{"line":13,"column":0},"end":{"line":13,"column":18}},"13":{"start":{"line":14,"column":0},"end":{"line":14,"column":27}},"14":{"start":{"line":15,"column":0},"end":{"line":15,"column":9}},"15":{"start":{"line":16,"column":0},"end":{"line":16,"column":7}},"16":{"start":{"line":17,"column":0},"end":{"line":17,"column":38}},"17":{"start":{"line":18,"column":0},"end":{"line":18,"column":109}},"18":{"start":{"line":19,"column":0},"end":{"line":19,"column":37}},"19":{"start":{"line":20,"column":0},"end":{"line":20,"column":17}},"20":{"start":{"line":21,"column":0},"end":{"line":21,"column":7}},"21":{"start":{"line":22,"column":0},"end":{"line":22,"column":0}},"22":{"start":{"line":23,"column":0},"end":{"line":23,"column":46}},"23":{"start":{"line":24,"column":0},"end":{"line":24,"column":34}},"24":{"start":{"line":25,"column":0},"end":{"line":25,"column":20}},"25":{"start":{"line":26,"column":0},"end":{"line":26,"column":27}},"26":{"start":{"line":27,"column":0},"end":{"line":27,"column":9}},"27":{"start":{"line":28,"column":0},"end":{"line":28,"column":8}},"28":{"start":{"line":29,"column":0},"end":{"line":29,"column":5}},"29":{"start":{"line":30,"column":0},"end":{"line":30,"column":3}},"30":{"start":{"line":31,"column":0},"end":{"line":31,"column":0}},"31":{"start":{"line":32,"column":0},"end":{"line":32,"column":26}},"32":{"start":{"line":33,"column":0},"end":{"line":33,"column":1}},"33":{"start":{"line":34,"column":0},"end":{"line":34,"column":0}},"34":{"start":{"line":35,"column":0},"end":{"line":35,"column":23}}},"s":{"0":1,"1":35,"2":35,"3":35,"4":70,"5":60,"6":60,"7":70,"8":31,"9":70,"10":15,"11":13,"12":13,"13":12,"14":12,"15":13,"16":29,"17":12,"18":2,"19":2,"20":2,"21":10,"22":10,"23":48,"24":48,"25":25,"26":25,"27":10,"28":10,"29":70,"30":35,"31":35,"32":35,"33":1,"34":1},"branchMap":{"0":{"type":"branch","line":1,"loc":{"start":{"line":1,"column":17},"end":{"line":33,"column":1}},"locations":[{"start":{"line":1,"column":17},"end":{"line":33,"column":1}}]},"1":{"type":"branch","line":4,"loc":{"start":{"line":4,"column":26},"end":{"line":30,"column":3}},"locations":[{"start":{"line":4,"column":26},"end":{"line":30,"column":3}}]},"2":{"type":"branch","line":5,"loc":{"start":{"line":5,"column":14},"end":{"line":5,"column":23}},"locations":[{"start":{"line":5,"column":14},"end":{"line":5,"column":23}}]},"3":{"type":"branch","line":5,"loc":{"start":{"line":5,"column":14},"end":{"line":8,"column":32}},"locations":[{"start":{"line":5,"column":14},"end":{"line":8,"column":32}}]},"4":{"type":"branch","line":8,"loc":{"start":{"line":8,"column":20},"end":{"line":8,"column":54}},"locations":[{"start":{"line":8,"column":20},"end":{"line":8,"column":54}}]},"5":{"type":"branch","line":8,"loc":{"start":{"line":8,"column":54},"end":{"line":10,"column":15}},"locations":[{"start":{"line":8,"column":54},"end":{"line":10,"column":15}}]},"6":{"type":"branch","line":10,"loc":{"start":{"line":10,"column":4},"end":{"line":29,"column":5}},"locations":[{"start":{"line":10,"column":4},"end":{"line":29,"column":5}}]},"7":{"type":"branch","line":10,"loc":{"start":{"line":10,"column":35},"end":{"line":17,"column":15}},"locations":[{"start":{"line":10,"column":35},"end":{"line":17,"column":15}}]},"8":{"type":"branch","line":11,"loc":{"start":{"line":11,"column":22},"end":{"line":16,"column":7}},"locations":[{"start":{"line":11,"column":22},"end":{"line":16,"column":7}}]},"9":{"type":"branch","line":13,"loc":{"start":{"line":13,"column":17},"end":{"line":15,"column":9}},"locations":[{"start":{"line":13,"column":17},"end":{"line":15,"column":9}}]},"10":{"type":"branch","line":17,"loc":{"start":{"line":17,"column":4},"end":{"line":29,"column":5}},"locations":[{"start":{"line":17,"column":4},"end":{"line":29,"column":5}}]},"11":{"type":"branch","line":17,"loc":{"start":{"line":17,"column":37},"end":{"line":29,"column":5}},"locations":[{"start":{"line":17,"column":37},"end":{"line":29,"column":5}}]},"12":{"type":"branch","line":18,"loc":{"start":{"line":18,"column":44},"end":{"line":18,"column":108}},"locations":[{"start":{"line":18,"column":44},"end":{"line":18,"column":108}}]},"13":{"type":"branch","line":18,"loc":{"start":{"line":18,"column":108},"end":{"line":21,"column":7}},"locations":[{"start":{"line":18,"column":108},"end":{"line":21,"column":7}}]},"14":{"type":"branch","line":21,"loc":{"start":{"line":21,"column":6},"end":{"line":29,"column":5}},"locations":[{"start":{"line":21,"column":6},"end":{"line":29,"column":5}}]},"15":{"type":"branch","line":23,"loc":{"start":{"line":23,"column":34},"end":{"line":28,"column":7}},"locations":[{"start":{"line":23,"column":34},"end":{"line":28,"column":7}}]},"16":{"type":"branch","line":25,"loc":{"start":{"line":25,"column":19},"end":{"line":27,"column":9}},"locations":[{"start":{"line":25,"column":19},"end":{"line":27,"column":9}}]}},"b":{"0":[35],"1":[70],"2":[10],"3":[60],"4":[30],"5":[31],"6":[29],"7":[15],"8":[13],"9":[12],"10":[14],"11":[12],"12":[3],"13":[2],"14":[10],"15":[48],"16":[25]},"fnMap":{"0":{"name":"mixnames","decl":{"start":{"line":1,"column":17},"end":{"line":33,"column":1}},"loc":{"start":{"line":1,"column":17},"end":{"line":33,"column":1}},"line":1}},"f":{"0":35}}
}
